<?xml version="1.0" encoding="UTF-8"?>
<!-- Generated by org.testng.reporters.JUnitReportReporter -->
<testsuite hostname="Rv-Prasad" failures="0" tests="1" name="com.test.DemoA" time="15.147" errors="0" timestamp="2020-08-14T09:29:04 IST" skipped="0">
  <testcase classname="com.test.DemoA" name="run" time="15.147"/>
  <system-out>
the browser is opened now the browser is maximized the google website is opened The data "Bye"is Entered  </system-out>
</testsuite> <!-- com.test.DemoA -->
