<?xml version="1.0" encoding="UTF-8"?>
<!-- Generated by org.testng.reporters.JUnitReportReporter -->
<testsuite hostname="Rv-Prasad" failures="0" tests="1" name="com.test.DemoB" time="7.930" errors="0" timestamp="2020-08-14T09:28:04 IST" skipped="0">
  <testcase classname="com.test.DemoB" name="run" time="7.930"/>
  <system-out>
the browser is opened now the browser is maximized the google website is opened The data "HI"is Entered  </system-out>
</testsuite> <!-- com.test.DemoB -->
