<?xml version="1.0" encoding="UTF-8"?>
<!-- Generated by org.testng.reporters.JUnitReportReporter -->
<testsuite hostname="Rv-Prasad" failures="0" tests="1" name="javasccom.pack1.Crossb" time="28.879" errors="0" timestamp="2020-08-11T20:50:16 IST" skipped="0">
  <testcase classname="javasccom.pack1.Crossb" name="Crb" time="28.879"/>
  <system-out/>
</testsuite> <!-- javasccom.pack1.Crossb -->
